#! /c/Source/iverilog-install/bin/vvp
:ivl_version "12.0 (devel)" "(s20150603-1110-g18392a46)";
:ivl_delay_selection "TYPICAL";
:vpi_time_precision - 12;
:vpi_module "C:\iverilog\lib\ivl\system.vpi";
:vpi_module "C:\iverilog\lib\ivl\vhdl_sys.vpi";
:vpi_module "C:\iverilog\lib\ivl\vhdl_textio.vpi";
:vpi_module "C:\iverilog\lib\ivl\v2005_math.vpi";
:vpi_module "C:\iverilog\lib\ivl\va_math.vpi";
S_00000233ddb0bba0 .scope module, "tb_cmp1bit" "tb_cmp1bit" 2 3;
 .timescale -9 -12;
v00000233ddc10c60_0 .var "A", 0 0;
v00000233ddc109e0_0 .var "B", 0 0;
v00000233ddc10940_0 .net "o1", 0 0, L_00000233ddb08770;  1 drivers
v00000233ddc11520_0 .net "o2", 0 0, L_00000233ddb93210;  1 drivers
v00000233ddc10d00_0 .net "o3", 0 0, L_00000233ddb0b140;  1 drivers
S_00000233ddb0bd30 .scope module, "dut" "cmp1bit" 2 7, 3 1 0, S_00000233ddb0bba0;
 .timescale 0 0;
    .port_info 0 /INPUT 1 "A";
    .port_info 1 /INPUT 1 "B";
    .port_info 2 /OUTPUT 1 "o1";
    .port_info 3 /OUTPUT 1 "o2";
    .port_info 4 /OUTPUT 1 "o3";
L_00000233ddb097b0 .functor NOT 1, v00000233ddc109e0_0, C4<0>, C4<0>, C4<0>;
L_00000233ddb08770 .functor AND 1, v00000233ddc10c60_0, L_00000233ddb097b0, C4<1>, C4<1>;
L_00000233ddb92dd0 .functor XOR 1, v00000233ddc10c60_0, v00000233ddc109e0_0, C4<0>, C4<0>;
L_00000233ddb93210 .functor NOT 1, L_00000233ddb92dd0, C4<0>, C4<0>, C4<0>;
L_00000233ddb0b0d0 .functor NOT 1, v00000233ddc10c60_0, C4<0>, C4<0>, C4<0>;
L_00000233ddb0b140 .functor AND 1, L_00000233ddb0b0d0, v00000233ddc109e0_0, C4<1>, C4<1>;
v00000233ddb92ff0_0 .net "A", 0 0, v00000233ddc10c60_0;  1 drivers
v00000233ddbc5f70_0 .net "B", 0 0, v00000233ddc109e0_0;  1 drivers
v00000233ddb086d0_0 .net *"_ivl_0", 0 0, L_00000233ddb097b0;  1 drivers
v00000233ddb09710_0 .net *"_ivl_4", 0 0, L_00000233ddb92dd0;  1 drivers
v00000233ddb09940_0 .net *"_ivl_8", 0 0, L_00000233ddb0b0d0;  1 drivers
v00000233ddb099e0_0 .net "o1", 0 0, L_00000233ddb08770;  alias, 1 drivers
v00000233ddb0b030_0 .net "o2", 0 0, L_00000233ddb93210;  alias, 1 drivers
v00000233ddc10ee0_0 .net "o3", 0 0, L_00000233ddb0b140;  alias, 1 drivers
    .scope S_00000233ddb0bba0;
T_0 ;
    %vpi_call 2 16 "$dumpfile", "cmp1bit.vcd" {0 0 0};
    %vpi_call 2 17 "$dumpvars", 32'sb00000000000000000000000000000000, S_00000233ddb0bba0 {0 0 0};
    %pushi/vec4 0, 0, 1;
    %store/vec4 v00000233ddc10c60_0, 0, 1;
    %pushi/vec4 0, 0, 1;
    %store/vec4 v00000233ddc109e0_0, 0, 1;
    %delay 10000, 0;
    %vpi_call 2 21 "$display", "A=%b B=%b -> o1=%b o2=%b o3=%b", v00000233ddc10c60_0, v00000233ddc109e0_0, v00000233ddc10940_0, v00000233ddc11520_0, v00000233ddc10d00_0 {0 0 0};
    %pushi/vec4 0, 0, 1;
    %store/vec4 v00000233ddc10c60_0, 0, 1;
    %pushi/vec4 1, 0, 1;
    %store/vec4 v00000233ddc109e0_0, 0, 1;
    %delay 10000, 0;
    %vpi_call 2 24 "$display", "A=%b B=%b -> o1=%b o2=%b o3=%b", v00000233ddc10c60_0, v00000233ddc109e0_0, v00000233ddc10940_0, v00000233ddc11520_0, v00000233ddc10d00_0 {0 0 0};
    %pushi/vec4 1, 0, 1;
    %store/vec4 v00000233ddc10c60_0, 0, 1;
    %pushi/vec4 0, 0, 1;
    %store/vec4 v00000233ddc109e0_0, 0, 1;
    %delay 10000, 0;
    %vpi_call 2 27 "$display", "A=%b B=%b -> o1=%b o2=%b o3=%b", v00000233ddc10c60_0, v00000233ddc109e0_0, v00000233ddc10940_0, v00000233ddc11520_0, v00000233ddc10d00_0 {0 0 0};
    %pushi/vec4 1, 0, 1;
    %store/vec4 v00000233ddc10c60_0, 0, 1;
    %pushi/vec4 1, 0, 1;
    %store/vec4 v00000233ddc109e0_0, 0, 1;
    %delay 10000, 0;
    %vpi_call 2 30 "$display", "A=%b B=%b -> o1=%b o2=%b o3=%b", v00000233ddc10c60_0, v00000233ddc109e0_0, v00000233ddc10940_0, v00000233ddc11520_0, v00000233ddc10d00_0 {0 0 0};
    %vpi_call 2 32 "$finish" {0 0 0};
    %end;
    .thread T_0;
# The file index is used to find the file name in the following table.
:file_names 4;
    "N/A";
    "<interactive>";
    "tb_cmp1bit.v";
    "cmp1bit.v";
