#! /c/Source/iverilog-install/bin/vvp
:ivl_version "12.0 (devel)" "(s20150603-1110-g18392a46)";
:ivl_delay_selection "TYPICAL";
:vpi_time_precision - 12;
:vpi_module "C:\iverilog\lib\ivl\system.vpi";
:vpi_module "C:\iverilog\lib\ivl\vhdl_sys.vpi";
:vpi_module "C:\iverilog\lib\ivl\vhdl_textio.vpi";
:vpi_module "C:\iverilog\lib\ivl\v2005_math.vpi";
:vpi_module "C:\iverilog\lib\ivl\va_math.vpi";
:vpi_module "C:\iverilog\lib\ivl\v2009.vpi";
S_0000026c143089f0 .scope package, "$unit" "$unit" 2 1;
 .timescale 0 0;
S_0000026c142ceb00 .scope module, "tb_seq_detect_mealy" "tb_seq_detect_mealy" 3 3;
 .timescale -9 -12;
v0000026c14313ef0_0 .var "bitstream", 10 0;
v0000026c14313270_0 .var "clk", 0 0;
v0000026c143133b0_0 .var "din", 0 0;
v0000026c14313a90_0 .var/i "i", 31 0;
v0000026c14313590_0 .var "rst", 0 0;
v0000026c14313810_0 .net "y", 0 0, L_0000026c14308460;  1 drivers
S_0000026c142cec90 .scope module, "dut" "seq_detect_mealy" 3 8, 4 1 0, S_0000026c142ceb00;
 .timescale 0 0;
    .port_info 0 /INPUT 1 "clk";
    .port_info 1 /INPUT 1 "rst";
    .port_info 2 /INPUT 1 "din";
    .port_info 3 /OUTPUT 1 "y";
P_0000026c143070c0 .param/l "S0" 0 4 9, C4<00>;
P_0000026c143070f8 .param/l "S1" 0 4 10, C4<01>;
P_0000026c14307130 .param/l "S11" 0 4 11, C4<10>;
P_0000026c14307168 .param/l "S110" 0 4 12, C4<11>;
L_0000026c14367a80 .functor BUFT 1, C4<1>, C4<0>, C4<0>, C4<0>;
L_0000026c143083f0 .functor XNOR 1, v0000026c143133b0_0, L_0000026c14367a80, C4<0>, C4<0>;
L_0000026c14308460 .functor AND 1, L_0000026c14313b30, L_0000026c143083f0, C4<1>, C4<1>;
L_0000026c14367a38 .functor BUFT 1, C4<11>, C4<0>, C4<0>, C4<0>;
v0000026c142e2df0_0 .net/2u *"_ivl_0", 1 0, L_0000026c14367a38;  1 drivers
v0000026c142e3010_0 .net *"_ivl_2", 0 0, L_0000026c14313b30;  1 drivers
v0000026c142e2b20_0 .net/2u *"_ivl_4", 0 0, L_0000026c14367a80;  1 drivers
v0000026c14308b80_0 .net *"_ivl_6", 0 0, L_0000026c143083f0;  1 drivers
v0000026c14308c20_0 .net "clk", 0 0, v0000026c14313270_0;  1 drivers
v0000026c142cee20_0 .net "din", 0 0, v0000026c143133b0_0;  1 drivers
v0000026c142ceec0_0 .net "rst", 0 0, v0000026c14313590_0;  1 drivers
v0000026c14367850_0 .var "state_next", 1 0;
v0000026c143678f0_0 .var "state_present", 1 0;
v0000026c14367990_0 .net "y", 0 0, L_0000026c14308460;  alias, 1 drivers
E_0000026c142c90b0 .event anyedge, v0000026c143678f0_0, v0000026c142cee20_0;
E_0000026c142c8ff0 .event posedge, v0000026c14308c20_0;
L_0000026c14313b30 .cmp/eq 2, v0000026c143678f0_0, L_0000026c14367a38;
    .scope S_0000026c142cec90;
T_0 ;
    %wait E_0000026c142c8ff0;
    %load/vec4 v0000026c142ceec0_0;
    %flag_set/vec4 8;
    %jmp/0xz  T_0.0, 8;
    %pushi/vec4 0, 0, 2;
    %assign/vec4 v0000026c143678f0_0, 0;
    %jmp T_0.1;
T_0.0 ;
    %load/vec4 v0000026c14367850_0;
    %assign/vec4 v0000026c143678f0_0, 0;
T_0.1 ;
    %jmp T_0;
    .thread T_0;
    .scope S_0000026c142cec90;
T_1 ;
    %wait E_0000026c142c90b0;
    %load/vec4 v0000026c143678f0_0;
    %store/vec4 v0000026c14367850_0, 0, 2;
    %load/vec4 v0000026c143678f0_0;
    %dup/vec4;
    %pushi/vec4 0, 0, 2;
    %cmp/u;
    %jmp/1 T_1.0, 6;
    %dup/vec4;
    %pushi/vec4 1, 0, 2;
    %cmp/u;
    %jmp/1 T_1.1, 6;
    %dup/vec4;
    %pushi/vec4 2, 0, 2;
    %cmp/u;
    %jmp/1 T_1.2, 6;
    %dup/vec4;
    %pushi/vec4 3, 0, 2;
    %cmp/u;
    %jmp/1 T_1.3, 6;
    %pushi/vec4 0, 0, 2;
    %store/vec4 v0000026c14367850_0, 0, 2;
    %jmp T_1.5;
T_1.0 ;
    %load/vec4 v0000026c142cee20_0;
    %flag_set/vec4 8;
    %jmp/0 T_1.6, 8;
    %pushi/vec4 1, 0, 2;
    %jmp/1 T_1.7, 8;
T_1.6 ; End of true expr.
    %pushi/vec4 0, 0, 2;
    %jmp/0 T_1.7, 8;
 ; End of false expr.
    %blend;
T_1.7;
    %store/vec4 v0000026c14367850_0, 0, 2;
    %jmp T_1.5;
T_1.1 ;
    %load/vec4 v0000026c142cee20_0;
    %flag_set/vec4 8;
    %jmp/0 T_1.8, 8;
    %pushi/vec4 2, 0, 2;
    %jmp/1 T_1.9, 8;
T_1.8 ; End of true expr.
    %pushi/vec4 0, 0, 2;
    %jmp/0 T_1.9, 8;
 ; End of false expr.
    %blend;
T_1.9;
    %store/vec4 v0000026c14367850_0, 0, 2;
    %jmp T_1.5;
T_1.2 ;
    %load/vec4 v0000026c142cee20_0;
    %flag_set/vec4 8;
    %jmp/0 T_1.10, 8;
    %pushi/vec4 2, 0, 2;
    %jmp/1 T_1.11, 8;
T_1.10 ; End of true expr.
    %pushi/vec4 3, 0, 2;
    %jmp/0 T_1.11, 8;
 ; End of false expr.
    %blend;
T_1.11;
    %store/vec4 v0000026c14367850_0, 0, 2;
    %jmp T_1.5;
T_1.3 ;
    %load/vec4 v0000026c142cee20_0;
    %flag_set/vec4 8;
    %jmp/0 T_1.12, 8;
    %pushi/vec4 2, 0, 2;
    %jmp/1 T_1.13, 8;
T_1.12 ; End of true expr.
    %pushi/vec4 0, 0, 2;
    %jmp/0 T_1.13, 8;
 ; End of false expr.
    %blend;
T_1.13;
    %store/vec4 v0000026c14367850_0, 0, 2;
    %jmp T_1.5;
T_1.5 ;
    %pop/vec4 1;
    %jmp T_1;
    .thread T_1, $push;
    .scope S_0000026c142ceb00;
T_2 ;
    %pushi/vec4 1757, 0, 11;
    %store/vec4 v0000026c14313ef0_0, 0, 11;
    %end;
    .thread T_2, $init;
    .scope S_0000026c142ceb00;
T_3 ;
    %pushi/vec4 0, 0, 1;
    %store/vec4 v0000026c14313270_0, 0, 1;
T_3.0 ;
    %delay 5000, 0;
    %load/vec4 v0000026c14313270_0;
    %inv;
    %store/vec4 v0000026c14313270_0, 0, 1;
    %jmp T_3.0;
    %end;
    .thread T_3;
    .scope S_0000026c142ceb00;
T_4 ;
    %vpi_call/w 3 27 "$dumpfile", "dump.vcd" {0 0 0};
    %vpi_call/w 3 28 "$dumpvars", 32'sb00000000000000000000000000000000, S_0000026c142ceb00 {0 0 0};
    %pushi/vec4 1, 0, 1;
    %store/vec4 v0000026c14313590_0, 0, 1;
    %pushi/vec4 0, 0, 1;
    %store/vec4 v0000026c143133b0_0, 0, 1;
    %pushi/vec4 2, 0, 32;
T_4.0 %dup/vec4;
    %pushi/vec4 0, 0, 32;
    %cmp/s;
    %jmp/1xz T_4.1, 5;
    %jmp/1 T_4.1, 4;
    %pushi/vec4 1, 0, 32;
    %sub;
    %wait E_0000026c142c8ff0;
    %jmp T_4.0;
T_4.1 ;
    %pop/vec4 1;
    %pushi/vec4 0, 0, 1;
    %store/vec4 v0000026c14313590_0, 0, 1;
    %pushi/vec4 10, 0, 32;
    %store/vec4 v0000026c14313a90_0, 0, 32;
T_4.2 ;
    %load/vec4 v0000026c14313a90_0;
    %cmpi/s 0, 0, 32;
    %flag_inv 5; GE is !LT
    %jmp/0xz T_4.3, 5;
    %wait E_0000026c142c8ff0;
    %load/vec4 v0000026c14313ef0_0;
    %load/vec4 v0000026c14313a90_0;
    %part/s 1;
    %store/vec4 v0000026c143133b0_0, 0, 1;
    %load/vec4 v0000026c14313a90_0;
    %subi 1, 0, 32;
    %store/vec4 v0000026c14313a90_0, 0, 32;
    %jmp T_4.2;
T_4.3 ;
    %pushi/vec4 3, 0, 32;
T_4.4 %dup/vec4;
    %pushi/vec4 0, 0, 32;
    %cmp/s;
    %jmp/1xz T_4.5, 5;
    %jmp/1 T_4.5, 4;
    %pushi/vec4 1, 0, 32;
    %sub;
    %wait E_0000026c142c8ff0;
    %jmp T_4.4;
T_4.5 ;
    %pop/vec4 1;
    %vpi_call/w 3 46 "$finish" {0 0 0};
    %end;
    .thread T_4;
    .scope S_0000026c142ceb00;
T_5 ;
    %vpi_call/w 3 51 "$display", "Time\011clk\011rst\011din\011y" {0 0 0};
    %vpi_call/w 3 52 "$monitor", "%0dns\011%b\011%b\011%b\011%b", $time, v0000026c14313270_0, v0000026c14313590_0, v0000026c143133b0_0, v0000026c14313810_0 {0 0 0};
    %end;
    .thread T_5;
# The file index is used to find the file name in the following table.
:file_names 5;
    "N/A";
    "<interactive>";
    "-";
    "tb_seq_detect_mealy.v";
    "seq_detect_mealy.v";
